[10Dec2024 00:00:19.073] [Worker-Main-2/WARN] [net.minecraft.world.entity.EntityType/]: Skipping Entity with id scpo:scp_3199
[10Dec2024 00:01:35.642] [Worker-Main-2/INFO] [com.teampotato.redirector.Redirector/]: Redirecting xiroc/dungeoncrawl/dungeon/Tile$Flag
[10Dec2024 00:01:40.536] [Worker-Main-3/WARN] [lithostitched/]: Template pool fallback chain found: hopo:deepslate_mineshaft -> hopo:deepslate_mineshaft
[10Dec2024 00:01:40.538] [Worker-Main-3/WARN] [lithostitched/]: Template pool fallback chain found: hopo:deepslate_mineshaft -> hopo:deepslate_mineshaft
[10Dec2024 00:01:40.538] [Worker-Main-3/WARN] [lithostitched/]: Template pool fallback chain found: hopo:mobs/archer -> hopo:mobs/archer
[10Dec2024 00:01:40.539] [Worker-Main-3/WARN] [lithostitched/]: Template pool fallback chain found: hopo:deepslate_mineshaft -> hopo:deepslate_mineshaft
[10Dec2024 00:01:40.540] [Worker-Main-3/WARN] [lithostitched/]: Template pool fallback chain found: hopo:deepslate_mineshaft -> hopo:deepslate_mineshaft
[10Dec2024 00:01:40.541] [Worker-Main-3/WARN] [lithostitched/]: Template pool fallback chain found: hopo:room/deepslate_mineshaft -> hopo:room/deepslate_mineshaft
[10Dec2024 00:01:40.542] [Worker-Main-3/WARN] [lithostitched/]: Template pool fallback chain found: hopo:room/deepslate_mineshaft -> hopo:room/deepslate_mineshaft
[10Dec2024 00:01:40.542] [Worker-Main-3/WARN] [lithostitched/]: Template pool fallback chain found: hopo:mobs/vindicator_miner -> hopo:mobs/vindicator_miner
[10Dec2024 00:01:40.543] [Worker-Main-3/WARN] [lithostitched/]: Template pool fallback chain found: hopo:deepslate_mineshaft -> hopo:deepslate_mineshaft
[10Dec2024 00:01:40.544] [Worker-Main-3/WARN] [lithostitched/]: Template pool fallback chain found: hopo:deepslate_mineshaft -> hopo:deepslate_mineshaft
[10Dec2024 00:01:40.545] [Worker-Main-3/WARN] [lithostitched/]: Template pool fallback chain found: hopo:deepslate_mineshaft -> hopo:deepslate_mineshaft
[10Dec2024 00:01:40.546] [Worker-Main-3/WARN] [lithostitched/]: Template pool fallback chain found: hopo:mobs/guard -> hopo:mobs/guard
[10Dec2024 00:01:40.547] [Worker-Main-3/WARN] [lithostitched/]: Template pool fallback chain found: hopo:deepslate_mineshaft -> hopo:deepslate_mineshaft
[10Dec2024 00:01:40.548] [Worker-Main-3/WARN] [lithostitched/]: Template pool fallback chain found: hopo:mobs/guard -> hopo:mobs/guard
[10Dec2024 00:01:40.548] [Worker-Main-3/WARN] [lithostitched/]: Template pool fallback chain found: hopo:mobs/archer -> hopo:mobs/archer
[10Dec2024 00:01:40.550] [Worker-Main-3/WARN] [lithostitched/]: Template pool fallback chain found: hopo:deepslate_mineshaft -> hopo:deepslate_mineshaft
[10Dec2024 00:01:40.550] [Worker-Main-3/WARN] [lithostitched/]: Template pool fallback chain found: hopo:mobs/archer -> hopo:mobs/archer
[10Dec2024 00:01:40.550] [Worker-Main-3/WARN] [lithostitched/]: Template pool fallback chain found: hopo:mobs/archer -> hopo:mobs/archer
[10Dec2024 00:01:40.551] [Worker-Main-3/WARN] [lithostitched/]: Template pool fallback chain found: hopo:room/deepslate_mineshaft -> hopo:room/deepslate_mineshaft
[10Dec2024 00:01:40.552] [Worker-Main-3/WARN] [lithostitched/]: Template pool fallback chain found: hopo:deepslate_mineshaft -> hopo:deepslate_mineshaft
[10Dec2024 00:01:40.553] [Worker-Main-3/WARN] [lithostitched/]: Template pool fallback chain found: hopo:room/deepslate_mineshaft -> hopo:room/deepslate_mineshaft
[10Dec2024 00:01:40.554] [Worker-Main-3/WARN] [lithostitched/]: Template pool fallback chain found: hopo:deepslate_mineshaft -> hopo:deepslate_mineshaft
[10Dec2024 00:01:40.556] [Worker-Main-3/WARN] [lithostitched/]: Template pool fallback chain found: hopo:deepslate_mineshaft -> hopo:deepslate_mineshaft
[10Dec2024 00:01:40.556] [Worker-Main-3/WARN] [lithostitched/]: Template pool fallback chain found: hopo:mobs/guard -> hopo:mobs/guard
[10Dec2024 00:01:40.556] [Worker-Main-3/WARN] [lithostitched/]: Template pool fallback chain found: hopo:mobs/guard -> hopo:mobs/guard
[10Dec2024 00:01:40.559] [Worker-Main-3/WARN] [lithostitched/]: Template pool fallback chain found: hopo:deepslate_mineshaft -> hopo:deepslate_mineshaft
[10Dec2024 00:01:40.559] [Worker-Main-3/WARN] [lithostitched/]: Template pool fallback chain found: hopo:mobs/guard -> hopo:mobs/guard
[10Dec2024 00:01:40.559] [Worker-Main-3/WARN] [lithostitched/]: Template pool fallback chain found: hopo:room/deepslate_mineshaft -> hopo:room/deepslate_mineshaft
[10Dec2024 00:01:40.560] [Worker-Main-3/WARN] [lithostitched/]: Template pool fallback chain found: hopo:minecart/deepslate_mineshaft -> hopo:minecart/deepslate_mineshaft
[10Dec2024 00:01:40.562] [Worker-Main-3/WARN] [lithostitched/]: Template pool fallback chain found: hopo:minecart/deepslate_mineshaft -> hopo:minecart/deepslate_mineshaft
[10Dec2024 00:01:40.563] [Worker-Main-3/WARN] [lithostitched/]: Template pool fallback chain found: hopo:mobs/archer -> hopo:mobs/archer
[10Dec2024 00:01:40.563] [Worker-Main-3/WARN] [lithostitched/]: Template pool fallback chain found: hopo:mobs/guard -> hopo:mobs/guard
[10Dec2024 00:01:51.128] [Worker-Main-2/WARN] [net.minecraft.world.entity.EntityType/]: Skipping Entity with id scpo:scp_106
[10Dec2024 00:01:51.502] [Worker-Main-9/INFO] [com.teampotato.redirector.Redirector/]: Redirecting com/github/alexthe666/citadel/server/entity/pathfinding/raycoms/AdvancedPathNavigate$MovementType
[10Dec2024 00:02:41.858] [Server thread/INFO] [net.minecraft.server.MinecraftServer/]: Tinwur has completed the challenge [Centennial]
[10Dec2024 00:02:45.999] [Server thread/INFO] [net.minecraft.server.MinecraftServer/]: Tinwur has made the advancement [Amateur Archaeologist]
[10Dec2024 00:04:49.390] [Server thread/INFO] [com.teampotato.redirector.Redirector/]: Redirecting com/legacy/blue_skies/entities/ai/NightwatcherRobGoal$Task
[10Dec2024 00:04:51.496] [Server thread/INFO] [com.teampotato.redirector.Redirector/]: Redirecting forge/net/mca/entity/ai/pathfinder/ExtendedPathNodeType
[10Dec2024 00:04:51.787] [Server thread/INFO] [com.teampotato.redirector.Redirector/]: Redirecting com/github/alexthe666/citadel/server/entity/pathfinding/raycoms/PathFindingStatus
[10Dec2024 00:04:51.787] [Server thread/INFO] [com.teampotato.redirector.Redirector/]: Redirecting com/github/alexthe666/citadel/server/entity/pathfinding/raycoms/AbstractAdvancedPathNavigate$RestrictionType
[10Dec2024 00:04:51.792] [Citadel Pathfinding Worker #0/INFO] [com.teampotato.redirector.Redirector/]: Redirecting com/github/alexthe666/citadel/server/entity/pathfinding/raycoms/SurfaceType
[10Dec2024 00:05:35.727] [Server thread/INFO] [net.minecraft.server.MinecraftServer/]: Tinwur has made the advancement [Local Brewery]
